<?xml version="1.0" encoding="UTF-8"?>
<!-- Generated by org.testng.reporters.JUnitReportReporter -->
<testsuite hostname="DESKTOP-NAB867H" failures="1" tests="3" name="testRunner.Run1" time="102.496" errors="0" timestamp="2023-06-30T12:55:19 IST" skipped="0">
  <testcase classname="testRunner.Run1" name="runScenario" time="22.430"/>
  <system-out/>
  <testcase classname="testRunner.Run1" name="runScenario" time="12.222">
    <failure message="expected [weVend Gateway] but found [other gateway]" type="java.lang.AssertionError">
      <![CDATA[java.lang.AssertionError: expected [weVend Gateway] but found [other gateway]
at org.testng.Assert.fail(Assert.java:110)
at org.testng.Assert.failNotEquals(Assert.java:1413)
at org.testng.Assert.assertEqualsImpl(Assert.java:149)
at org.testng.Assert.assertEquals(Assert.java:131)
at org.testng.Assert.assertEquals(Assert.java:655)
at org.testng.Assert.assertEquals(Assert.java:665)
at StepDefs.PaymentMethodStepDef.payment_method_should_be_present_on_the_page_as(PaymentMethodStepDef.java:128)
at ✽.Payment method should be present on the page as "weVend Gateway"(file:///D:/Test1/BDDcucumberProject2/src/test/resources/Features/PaymentMethod.feature:7)
]]>
    </failure>
  </testcase> <!-- runScenario -->
  <system-out/>
  <testcase classname="testRunner.Run1" name="runScenario" time="67.844"/>
  <system-out/>
</testsuite> <!-- testRunner.Run1 -->
